
[-i-]: 2018-11-14 23:23:55 Read Client config files	: template.conf.d/client1.conf
[-i-]: 2018-11-14 23:23:55 ---------------------------------- Parsing starts ----------------------------------
[-i-]: 2018-11-14 23:23:55 Parameter #_client_attribute_name has been commented out. Ignore line.
[-i-]: 2018-11-14 23:23:55 Parameter #_client_name has been commented out. Ignore line.
[-i-]: 2018-11-14 23:23:55 Parameter #_source_user has been commented out. Ignore line.
[-i-]: 2018-11-14 23:23:55 Parameter #_source_key has been commented out. Ignore line.
[-i-]: 2018-11-14 23:23:55 Parameter #_source_host has been commented out. Ignore line.
[-i-]: 2018-11-14 23:23:55 Parameter #_source_dir has been commented out. Ignore line.
[-i-]: 2018-11-14 23:23:55 Parameter #_destination_user has been commented out. Ignore line.
[-i-]: 2018-11-14 23:23:55 Parameter #_destination_key has been commented out. Ignore line.
[-i-]: 2018-11-14 23:23:55 Parameter #_destination_host has been commented out. Ignore line.
[-i-]: 2018-11-14 23:23:55 Parameter #_destination_dir has been commented out. Ignore line.
[-i-]: 2018-11-14 23:23:55 Parameter #_log_filename has been commented out. Ignore line.
[-i-]: 2018-11-14 23:23:55 Read client_name. Client_1.
[-i-]: 2018-11-14 23:23:55 Read source_user. mensa.
[-i-]: 2018-11-14 23:23:55 Read source_host. 192.168.1.222.
[-i-]: 2018-11-14 23:23:55 Read source_key. /home/mensa/.ssh/mensa2.
[-i-]: 2018-11-14 23:23:55 Read source_dir. /home/mensa/lv0/lv1.
[-i-]: 2018-11-14 23:23:55 Read destination_user. someuser.
[-i-]: 2018-11-14 23:23:55 Read destination_key. /home/mensa/.ssh/mensa2.
[-i-]: 2018-11-14 23:23:55 Read destination_host. 172.16.1.111.
[-i-]: 2018-11-14 23:23:55 Read destination_dir. /home/mensa/lv6.
[-i-]: 2018-11-14 23:23:55 log_filename is not defined. Using ./logs/Client_1.20181114.log.
[-i-]: 2018-11-14 23:23:59 --------------------------------- Parsing finishes ----------------------------------

[-i-]: 2018-11-14 23:23:59 Read Client config files	: template.conf.d/client2.conf
[-i-]: 2018-11-14 23:23:59 ---------------------------------- Parsing starts ----------------------------------
[-i-]: 2018-11-14 23:23:59 Parameter #_client_attribute_name has been commented out. Ignore line.
[-i-]: 2018-11-14 23:23:59 Parameter #_client_name has been commented out. Ignore line.
[-i-]: 2018-11-14 23:23:59 Parameter #_source_user has been commented out. Ignore line.
[-i-]: 2018-11-14 23:23:59 Parameter #_source_key has been commented out. Ignore line.
[-i-]: 2018-11-14 23:23:59 Parameter #_source_host has been commented out. Ignore line.
[-i-]: 2018-11-14 23:23:59 Parameter #_source_dir has been commented out. Ignore line.
[-i-]: 2018-11-14 23:23:59 Parameter #_destination_user has been commented out. Ignore line.
[-i-]: 2018-11-14 23:23:59 Parameter #_destination_key has been commented out. Ignore line.
[-i-]: 2018-11-14 23:23:59 Parameter #_destination_host has been commented out. Ignore line.
[-i-]: 2018-11-14 23:23:59 Parameter #_destination_dir has been commented out. Ignore line.
[-i-]: 2018-11-14 23:23:59 Parameter #_log_filename has been commented out. Ignore line.
[-i-]: 2018-11-14 23:23:59 Read client_name. Client_2.
[-i-]: 2018-11-14 23:23:59 Read source_user. mensa.
[-i-]: 2018-11-14 23:23:59 Read source_host. 192.168.1.222.
[-i-]: 2018-11-14 23:23:59 Read source_key. /home/mensa/.ssh/mensa2.
[-i-]: 2018-11-14 23:23:59 Read source_dir. /home/mensa/lv0/lv2.
[-i-]: 2018-11-14 23:23:59 Read destination_user. someuser.
[-i-]: 2018-11-14 23:23:59 Read destination_key. /home/mensa/.ssh/mensa2.
[-i-]: 2018-11-14 23:23:59 Read destination_host. 172.16.1.222.
[-i-]: 2018-11-14 23:23:59 Read destination_dir. /home/mensa/lv6.
[-i-]: 2018-11-14 23:24:00 log_filename is not defined. Using ./logs/Client_2.20181114.log.
[-i-]: 2018-11-14 23:24:08 --------------------------------- Parsing finishes ----------------------------------

[-i-]: 2018-11-14 23:24:08 Read Client config files	: template.conf.d/client3.conf
[-i-]: 2018-11-14 23:24:08 ---------------------------------- Parsing starts ----------------------------------
[-i-]: 2018-11-14 23:24:08 Parameter #_client_attribute_name has been commented out. Ignore line.
[-i-]: 2018-11-14 23:24:08 Parameter #_client_name has been commented out. Ignore line.
[-i-]: 2018-11-14 23:24:08 Parameter #_source_user has been commented out. Ignore line.
[-i-]: 2018-11-14 23:24:08 Parameter #_source_key has been commented out. Ignore line.
[-i-]: 2018-11-14 23:24:08 Parameter #_source_host has been commented out. Ignore line.
[-i-]: 2018-11-14 23:24:08 Parameter #_source_dir has been commented out. Ignore line.
[-i-]: 2018-11-14 23:24:08 Parameter #_destination_user has been commented out. Ignore line.
[-i-]: 2018-11-14 23:24:08 Parameter #_destination_key has been commented out. Ignore line.
[-i-]: 2018-11-14 23:24:08 Parameter #_destination_host has been commented out. Ignore line.
[-i-]: 2018-11-14 23:24:08 Parameter #_destination_dir has been commented out. Ignore line.
[-i-]: 2018-11-14 23:24:08 Parameter #_log_filename has been commented out. Ignore line.
[-i-]: 2018-11-14 23:24:08 Read client_name. Client_3.
[-i-]: 2018-11-14 23:24:08 Read source_user. mensa.
[-i-]: 2018-11-14 23:24:08 Read source_host. 192.168.1.333.
[-i-]: 2018-11-14 23:24:08 Read source_key. /home/mensa/.ssh/mensa2.
[-i-]: 2018-11-14 23:24:08 Read source_dir. /home/mensa/lv0/lv3.
[-i-]: 2018-11-14 23:24:08 Read destination_user. someuser.
[-i-]: 2018-11-14 23:24:08 Read destination_key. /home/mensa/.ssh/mensa2.
[-i-]: 2018-11-14 23:24:08 Read destination_host. 172.16.1.333.
[-i-]: 2018-11-14 23:24:08 Read destination_dir. /home/mensa/lv6.
[-i-]: 2018-11-14 23:24:08 log_filename is not defined. Using ./logs/Client_3.20181114.log.
[-i-]: 2018-11-14 23:24:20 --------------------------------- Parsing finishes ----------------------------------

[-i-]: 2018-11-14 23:24:20 Read Client config files	: template.conf.d/template.conf
[-i-]: 2018-11-14 23:24:20 ---------------------------------- Parsing starts ----------------------------------
[-i-]: 2018-11-14 23:24:20 Parameter #_client_attribute_name has been commented out. Ignore line.
[-i-]: 2018-11-14 23:24:20 Parameter #_client_name has been commented out. Ignore line.
[-i-]: 2018-11-14 23:24:20 Parameter #_source_user has been commented out. Ignore line.
[-i-]: 2018-11-14 23:24:20 Parameter #_source_key has been commented out. Ignore line.
[-i-]: 2018-11-14 23:24:20 Parameter #_source_host has been commented out. Ignore line.
[-i-]: 2018-11-14 23:24:20 Parameter #_source_dir has been commented out. Ignore line.
[-i-]: 2018-11-14 23:24:20 Parameter #_destination_user has been commented out. Ignore line.
[-i-]: 2018-11-14 23:24:20 Parameter #_destination_key has been commented out. Ignore line.
[-i-]: 2018-11-14 23:24:20 Parameter #_destination_host has been commented out. Ignore line.
[-i-]: 2018-11-14 23:24:20 Parameter #_destination_dir has been commented out. Ignore line.
[-i-]: 2018-11-14 23:24:20 Parameter #_log_filename has been commented out. Ignore line.
[-i-]: 2018-11-14 23:24:20 Read client_name. Template_client.
[-i-]: 2018-11-14 23:24:20 Read source_user. mensa.
[-i-]: 2018-11-14 23:24:20 Read source_key. /home/someuser/.ssh/someuser.
[-i-]: 2018-11-14 23:24:20 Read source_host. 192.168.1.444.
[-i-]: 2018-11-14 23:24:20 Read source_dir. /home/mensa/lv0/lvt.
[-i-]: 2018-11-14 23:24:20 Read destination_user. someuser.
[-i-]: 2018-11-14 23:24:20 Read destination_key. /home/someuser/.ssh/someuser.
[-i-]: 2018-11-14 23:24:20 Read destination_host. 172.16.1.444.
[-i-]: 2018-11-14 23:24:20 Read destination_dir. /home/mensa/lv6.
[-i-]: 2018-11-14 23:24:20 log_filename is not defined. Using ./logs/Template_client.20181114.log.
[-i-]: 2018-11-14 23:24:25 --------------------------------- Parsing finishes ----------------------------------
